<?xml version="1.0" encoding="UTF-8"?>
<testng-results ignored="0" total="1" passed="1" failed="0" skipped="0">
  <reporter-output>
  </reporter-output>
  <suite started-at="2023-04-17T14:10:53 IST" name="tests.LoginPageTest" finished-at="2023-04-17T14:12:02 IST" duration-ms="69352">
    <groups>
    </groups>
    <test started-at="2023-04-17T14:10:53 IST" name="Command line test" finished-at="2023-04-17T14:12:02 IST" duration-ms="69352">
      <class name="tests.LoginPageTest">
        <test-method is-config="true" signature="setup()[pri:0, instance:tests.LoginPageTest@5fdba6f9]" started-at="2023-04-17T14:10:53 IST" name="setup" finished-at="2023-04-17T14:11:13 IST" duration-ms="20257" status="PASS">
          <reporter-output>
          </reporter-output>
        </test-method> <!-- setup -->
        <test-method signature="loginSuccessTest()[pri:0, instance:tests.LoginPageTest@5fdba6f9]" started-at="2023-04-17T14:11:13 IST" name="loginSuccessTest" finished-at="2023-04-17T14:11:32 IST" duration-ms="19003" status="PASS">
          <reporter-output>
          </reporter-output>
        </test-method> <!-- loginSuccessTest -->
        <test-method is-config="true" signature="tearDown()[pri:0, instance:tests.LoginPageTest@5fdba6f9]" started-at="2023-04-17T14:11:32 IST" name="tearDown" finished-at="2023-04-17T14:12:02 IST" duration-ms="30080" status="PASS">
          <reporter-output>
          </reporter-output>
        </test-method> <!-- tearDown -->
      </class> <!-- tests.LoginPageTest -->
    </test> <!-- Command line test -->
  </suite> <!-- tests.LoginPageTest -->
</testng-results>
